<?xml version="1.0" encoding="UTF-8"?>
<testsuite name="DemoTest" tests="3" skipped="0" failures="0" errors="0" timestamp="2021-12-23T15:26:57" hostname="DESKTOP-8N12TFO" time="0.006">
  <properties/>
  <testcase name="testTriangle1" classname="DemoTest" time="0.006"/>
  <testcase name="testTriangle2" classname="DemoTest" time="0.0"/>
  <testcase name="testTriangle3" classname="DemoTest" time="0.0"/>
  <system-out><![CDATA[]]></system-out>
  <system-err><![CDATA[]]></system-err>
</testsuite>
